[debug] [2022-10-24T08:43:48.825Z] ----------------------------------------------------------------------
[debug] [2022-10-24T08:43:48.828Z] Command:       C:\Program Files\nodejs\node.exe C:\Users\Kalyankickzz\AppData\Roaming\npm\node_modules\firebase-tools\lib\bin\firebase.js deploy
[debug] [2022-10-24T08:43:48.829Z] CLI Version:   11.15.0
[debug] [2022-10-24T08:43:48.829Z] Platform:      win32
[debug] [2022-10-24T08:43:48.829Z] Node Version:  v16.17.1
[debug] [2022-10-24T08:43:48.830Z] Time:          Mon Oct 24 2022 14:13:48 GMT+0530 (India Standard Time)
[debug] [2022-10-24T08:43:48.831Z] ----------------------------------------------------------------------
[debug] 
[debug] [2022-10-24T08:43:48.924Z] > command requires scopes: ["email","openid","https://www.googleapis.com/auth/cloudplatformprojects.readonly","https://www.googleapis.com/auth/firebase","https://www.googleapis.com/auth/cloud-platform"]
[debug] [2022-10-24T08:43:48.925Z] > authorizing via signed-in user (suresh8194@gmail.com)
[debug] [2022-10-24T08:43:48.925Z] [iam] checking project impossiblesubmit for permissions ["firebase.projects.get","firebasehosting.sites.update"]
[debug] [2022-10-24T08:43:48.927Z] >>> [apiv2][query] POST https://cloudresourcemanager.googleapis.com/v1/projects/impossiblesubmit:testIamPermissions [none]
[debug] [2022-10-24T08:43:48.928Z] >>> [apiv2][(partial)header] POST https://cloudresourcemanager.googleapis.com/v1/projects/impossiblesubmit:testIamPermissions x-goog-quota-user=projects/impossiblesubmit
[debug] [2022-10-24T08:43:48.928Z] >>> [apiv2][body] POST https://cloudresourcemanager.googleapis.com/v1/projects/impossiblesubmit:testIamPermissions {"permissions":["firebase.projects.get","firebasehosting.sites.update"]}
[debug] [2022-10-24T08:43:50.433Z] <<< [apiv2][status] POST https://cloudresourcemanager.googleapis.com/v1/projects/impossiblesubmit:testIamPermissions 200
[debug] [2022-10-24T08:43:50.433Z] <<< [apiv2][body] POST https://cloudresourcemanager.googleapis.com/v1/projects/impossiblesubmit:testIamPermissions {"permissions":["firebase.projects.get","firebasehosting.sites.update"]}
[debug] [2022-10-24T08:43:50.435Z] >>> [apiv2][query] GET https://firebase.googleapis.com/v1beta1/projects/impossiblesubmit [none]
[debug] [2022-10-24T08:43:50.885Z] <<< [apiv2][status] GET https://firebase.googleapis.com/v1beta1/projects/impossiblesubmit 200
[debug] [2022-10-24T08:43:50.885Z] <<< [apiv2][body] GET https://firebase.googleapis.com/v1beta1/projects/impossiblesubmit {"projectId":"impossiblesubmit","projectNumber":"341473689849","displayName":"impossiblesubmit","name":"projects/impossiblesubmit","resources":{"hostingSite":"impossiblesubmit"},"state":"ACTIVE","etag":"1_6bb53532-a159-4c6c-8639-960c3235c13e"}
[info] 
[info] === Deploying to 'impossiblesubmit'...
[info] 
[info] i  deploying hosting 
[debug] [2022-10-24T08:43:50.890Z] >>> [apiv2][query] POST https://firebasehosting.googleapis.com/v1beta1/projects/-/sites/impossiblesubmit/versions [none]
[debug] [2022-10-24T08:43:50.890Z] >>> [apiv2][body] POST https://firebasehosting.googleapis.com/v1beta1/projects/-/sites/impossiblesubmit/versions {"status":"CREATED","labels":{"deployment-tool":"cli-firebase"}}
[debug] [2022-10-24T08:43:52.130Z] <<< [apiv2][status] POST https://firebasehosting.googleapis.com/v1beta1/projects/-/sites/impossiblesubmit/versions 500
[debug] [2022-10-24T08:43:52.130Z] <<< [apiv2][body] POST https://firebasehosting.googleapis.com/v1beta1/projects/-/sites/impossiblesubmit/versions {"error":{"code":500,"message":"Internal error encountered.","status":"INTERNAL"}}
[error] 
[error] Error: HTTP Error: 500, Internal error encountered.
[debug] [2022-10-24T08:43:52.333Z] Error Context: {
  "body": {
    "error": {
      "code": 500,
      "message": "Internal error encountered.",
      "status": "INTERNAL"
    }
  },
  "response": {
    "statusCode": 500
  }
}
[debug] [2022-10-24T08:45:16.047Z] ----------------------------------------------------------------------
[debug] [2022-10-24T08:45:16.049Z] Command:       C:\Program Files\nodejs\node.exe C:\Users\Kalyankickzz\AppData\Roaming\npm\node_modules\firebase-tools\lib\bin\firebase.js deploy
[debug] [2022-10-24T08:45:16.050Z] CLI Version:   11.15.0
[debug] [2022-10-24T08:45:16.050Z] Platform:      win32
[debug] [2022-10-24T08:45:16.050Z] Node Version:  v16.17.1
[debug] [2022-10-24T08:45:16.051Z] Time:          Mon Oct 24 2022 14:15:16 GMT+0530 (India Standard Time)
[debug] [2022-10-24T08:45:16.051Z] ----------------------------------------------------------------------
[debug] 
[debug] [2022-10-24T08:45:16.145Z] > command requires scopes: ["email","openid","https://www.googleapis.com/auth/cloudplatformprojects.readonly","https://www.googleapis.com/auth/firebase","https://www.googleapis.com/auth/cloud-platform"]
[debug] [2022-10-24T08:45:16.146Z] > authorizing via signed-in user (suresh8194@gmail.com)
[debug] [2022-10-24T08:45:16.146Z] [iam] checking project impossiblesubmit for permissions ["firebase.projects.get","firebasehosting.sites.update"]
[debug] [2022-10-24T08:45:16.149Z] >>> [apiv2][query] POST https://cloudresourcemanager.googleapis.com/v1/projects/impossiblesubmit:testIamPermissions [none]
[debug] [2022-10-24T08:45:16.149Z] >>> [apiv2][(partial)header] POST https://cloudresourcemanager.googleapis.com/v1/projects/impossiblesubmit:testIamPermissions x-goog-quota-user=projects/impossiblesubmit
[debug] [2022-10-24T08:45:16.149Z] >>> [apiv2][body] POST https://cloudresourcemanager.googleapis.com/v1/projects/impossiblesubmit:testIamPermissions {"permissions":["firebase.projects.get","firebasehosting.sites.update"]}
[debug] [2022-10-24T08:45:17.636Z] <<< [apiv2][status] POST https://cloudresourcemanager.googleapis.com/v1/projects/impossiblesubmit:testIamPermissions 200
[debug] [2022-10-24T08:45:17.636Z] <<< [apiv2][body] POST https://cloudresourcemanager.googleapis.com/v1/projects/impossiblesubmit:testIamPermissions {"permissions":["firebase.projects.get","firebasehosting.sites.update"]}
[debug] [2022-10-24T08:45:17.638Z] >>> [apiv2][query] GET https://firebase.googleapis.com/v1beta1/projects/impossiblesubmit [none]
[debug] [2022-10-24T08:45:18.105Z] <<< [apiv2][status] GET https://firebase.googleapis.com/v1beta1/projects/impossiblesubmit 200
[debug] [2022-10-24T08:45:18.106Z] <<< [apiv2][body] GET https://firebase.googleapis.com/v1beta1/projects/impossiblesubmit {"projectId":"impossiblesubmit","projectNumber":"341473689849","displayName":"impossiblesubmit","name":"projects/impossiblesubmit","resources":{"hostingSite":"impossiblesubmit"},"state":"ACTIVE","etag":"1_6bb53532-a159-4c6c-8639-960c3235c13e"}
[info] 
[info] === Deploying to 'impossiblesubmit'...
[info] 
[info] i  deploying hosting 
[debug] [2022-10-24T08:45:18.111Z] >>> [apiv2][query] POST https://firebasehosting.googleapis.com/v1beta1/projects/-/sites/impossiblesubmit/versions [none]
[debug] [2022-10-24T08:45:18.112Z] >>> [apiv2][body] POST https://firebasehosting.googleapis.com/v1beta1/projects/-/sites/impossiblesubmit/versions {"status":"CREATED","labels":{"deployment-tool":"cli-firebase"}}
[debug] [2022-10-24T08:45:19.244Z] <<< [apiv2][status] POST https://firebasehosting.googleapis.com/v1beta1/projects/-/sites/impossiblesubmit/versions 500
[debug] [2022-10-24T08:45:19.244Z] <<< [apiv2][body] POST https://firebasehosting.googleapis.com/v1beta1/projects/-/sites/impossiblesubmit/versions {"error":{"code":500,"message":"Internal error encountered.","status":"INTERNAL"}}
[error] 
[error] Error: HTTP Error: 500, Internal error encountered.
[debug] [2022-10-24T08:45:19.510Z] Error Context: {
  "body": {
    "error": {
      "code": 500,
      "message": "Internal error encountered.",
      "status": "INTERNAL"
    }
  },
  "response": {
    "statusCode": 500
  }
}
[debug] [2022-10-24T08:46:25.495Z] ----------------------------------------------------------------------
[debug] [2022-10-24T08:46:25.498Z] Command:       C:\Program Files\nodejs\node.exe C:\Users\Kalyankickzz\AppData\Roaming\npm\node_modules\firebase-tools\lib\bin\firebase.js deploy
[debug] [2022-10-24T08:46:25.499Z] CLI Version:   11.15.0
[debug] [2022-10-24T08:46:25.499Z] Platform:      win32
[debug] [2022-10-24T08:46:25.500Z] Node Version:  v16.17.1
[debug] [2022-10-24T08:46:25.501Z] Time:          Mon Oct 24 2022 14:16:25 GMT+0530 (India Standard Time)
[debug] [2022-10-24T08:46:25.501Z] ----------------------------------------------------------------------
[debug] 
[debug] [2022-10-24T08:46:25.595Z] > command requires scopes: ["email","openid","https://www.googleapis.com/auth/cloudplatformprojects.readonly","https://www.googleapis.com/auth/firebase","https://www.googleapis.com/auth/cloud-platform"]
[debug] [2022-10-24T08:46:25.596Z] > authorizing via signed-in user (suresh8194@gmail.com)
[debug] [2022-10-24T08:46:25.596Z] [iam] checking project impossiblesubmit for permissions ["firebase.projects.get","firebasehosting.sites.update"]
[debug] [2022-10-24T08:46:25.599Z] >>> [apiv2][query] POST https://cloudresourcemanager.googleapis.com/v1/projects/impossiblesubmit:testIamPermissions [none]
[debug] [2022-10-24T08:46:25.599Z] >>> [apiv2][(partial)header] POST https://cloudresourcemanager.googleapis.com/v1/projects/impossiblesubmit:testIamPermissions x-goog-quota-user=projects/impossiblesubmit
[debug] [2022-10-24T08:46:25.600Z] >>> [apiv2][body] POST https://cloudresourcemanager.googleapis.com/v1/projects/impossiblesubmit:testIamPermissions {"permissions":["firebase.projects.get","firebasehosting.sites.update"]}
[debug] [2022-10-24T08:46:27.095Z] <<< [apiv2][status] POST https://cloudresourcemanager.googleapis.com/v1/projects/impossiblesubmit:testIamPermissions 200
[debug] [2022-10-24T08:46:27.095Z] <<< [apiv2][body] POST https://cloudresourcemanager.googleapis.com/v1/projects/impossiblesubmit:testIamPermissions {"permissions":["firebase.projects.get","firebasehosting.sites.update"]}
[debug] [2022-10-24T08:46:27.097Z] >>> [apiv2][query] GET https://firebase.googleapis.com/v1beta1/projects/impossiblesubmit [none]
[debug] [2022-10-24T08:46:27.592Z] <<< [apiv2][status] GET https://firebase.googleapis.com/v1beta1/projects/impossiblesubmit 200
[debug] [2022-10-24T08:46:27.592Z] <<< [apiv2][body] GET https://firebase.googleapis.com/v1beta1/projects/impossiblesubmit {"projectId":"impossiblesubmit","projectNumber":"341473689849","displayName":"impossiblesubmit","name":"projects/impossiblesubmit","resources":{"hostingSite":"impossiblesubmit"},"state":"ACTIVE","etag":"1_6bb53532-a159-4c6c-8639-960c3235c13e"}
[info] 
[info] === Deploying to 'impossiblesubmit'...
[info] 
[info] i  deploying hosting 
[debug] [2022-10-24T08:46:27.598Z] >>> [apiv2][query] POST https://firebasehosting.googleapis.com/v1beta1/projects/-/sites/impossiblesubmit/versions [none]
[debug] [2022-10-24T08:46:27.598Z] >>> [apiv2][body] POST https://firebasehosting.googleapis.com/v1beta1/projects/-/sites/impossiblesubmit/versions {"status":"CREATED","labels":{"deployment-tool":"cli-firebase"}}
[debug] [2022-10-24T08:46:28.699Z] <<< [apiv2][status] POST https://firebasehosting.googleapis.com/v1beta1/projects/-/sites/impossiblesubmit/versions 500
[debug] [2022-10-24T08:46:28.699Z] <<< [apiv2][body] POST https://firebasehosting.googleapis.com/v1beta1/projects/-/sites/impossiblesubmit/versions {"error":{"code":500,"message":"Internal error encountered.","status":"INTERNAL"}}
[error] 
[error] Error: HTTP Error: 500, Internal error encountered.
[debug] [2022-10-24T08:46:28.936Z] Error Context: {
  "body": {
    "error": {
      "code": 500,
      "message": "Internal error encountered.",
      "status": "INTERNAL"
    }
  },
  "response": {
    "statusCode": 500
  }
}
